Started by timer
Running as SYSTEM
Building in workspace /home/coder/project/workspace/jenkins/workspace/Jenkins
The recommended git tool is: NONE
No credentials specified
 > git rev-parse --resolve-git-dir /home/coder/project/workspace/jenkins/workspace/Jenkins/.git # timeout=10
Fetching changes from the remote Git repository
 > git config remote.origin.url https://github.com/AbineshRN/jenkins # timeout=10
Fetching upstream changes from https://github.com/AbineshRN/jenkins
 > git --version # timeout=10
 > git --version # 'git version 2.30.2'
 > git fetch --tags --force --progress -- https://github.com/AbineshRN/jenkins +refs/heads/*:refs/remotes/origin/* # timeout=10
 > git rev-parse refs/remotes/origin/main^{commit} # timeout=10
Checking out Revision dcb2368f62effe3227772e52dc7f02913e5dbd99 (refs/remotes/origin/main)
 > git config core.sparsecheckout # timeout=10
 > git checkout -f dcb2368f62effe3227772e52dc7f02913e5dbd99 # timeout=10
Commit message: "jenkins first commit"
 > git rev-list --no-walk dcb2368f62effe3227772e52dc7f02913e5dbd99 # timeout=10
[Jenkins] $ mvn -f demo/pom.xml
[[1;34mINFO[m] Scanning for projects...
[[1;34mINFO[m] [1m------------------------------------------------------------------------[m
[[1;34mINFO[m] [1;31mBUILD FAILURE[m
[[1;34mINFO[m] [1m------------------------------------------------------------------------[m
[[1;34mINFO[m] Total time:  0.049 s
[[1;34mINFO[m] Finished at: 2025-07-11T05:31:02Z
[[1;34mINFO[m] [1m------------------------------------------------------------------------[m
[[1;31mERROR[m] No goals have been specified for this build. You must specify a valid lifecycle phase or a goal in the format <plugin-prefix>:<goal> or <plugin-group-id>:<plugin-artifact-id>[:<plugin-version>]:<goal>. Available lifecycle phases are: validate, initialize, generate-sources, process-sources, generate-resources, process-resources, compile, process-classes, generate-test-sources, process-test-sources, generate-test-resources, process-test-resources, test-compile, process-test-classes, test, prepare-package, package, pre-integration-test, integration-test, post-integration-test, verify, install, deploy, pre-clean, clean, post-clean, pre-site, site, post-site, site-deploy. -> [1m[Help 1][m
[[1;31mERROR[m] 
[[1;31mERROR[m] To see the full stack trace of the errors, re-run Maven with the [1m-e[m switch.
[[1;31mERROR[m] Re-run Maven using the [1m-X[m switch to enable full debug logging.
[[1;31mERROR[m] 
[[1;31mERROR[m] For more information about the errors and possible solutions, please read the following articles:
[[1;31mERROR[m] [1m[Help 1][m http://cwiki.apache.org/confluence/display/MAVEN/NoGoalSpecifiedException
Build step 'Invoke top-level Maven targets' marked build as failure
Finished: FAILURE
